[ INFO ] [2016-10-31 16:00:35] xyz.ibenben.zhongdian.Application [48] - Starting Application on PC-20140509BBFD with PID 11100 (C:\Users\Administrator\workspace\spring-boot-mybatis-demo-master\target\classes started by Administrator in C:\Users\Administrator\workspace\spring-boot-mybatis-demo-master)
[ INFO ] [2016-10-31 16:00:35] xyz.ibenben.zhongdian.Application [659] - No active profile set, falling back to default profiles: default
[ INFO ] [2016-10-31 16:00:35] org.springframework.boot.context.embedded.AnnotationConfigEmbeddedWebApplicationContext [581] - Refreshing org.springframework.boot.context.embedded.AnnotationConfigEmbeddedWebApplicationContext@2a54a73f: startup date [Mon Oct 31 16:00:35 CST 2016]; root of context hierarchy
[ INFO ] [2016-10-31 16:00:35] org.hibernate.validator.internal.util.Version [30] - HV000001: Hibernate Validator 5.2.4.Final
[ WARN ] [2016-10-31 16:00:36] org.mybatis.spring.mapper.ClassPathMapperScanner [167] - No MyBatis mapper was found in '[xyz.ibenben.zhongdian]' package. Please check your configuration.
[ WARN ] [2016-10-31 16:00:36] org.springframework.context.annotation.ConfigurationClassPostProcessor [386] - Cannot enhance @Configuration bean definition 'myBatisMapperScannerConfig' since its singleton instance has been created too early. The typical cause is a non-static @Bean method with a BeanDefinitionRegistryPostProcessor return type: Consider declaring such methods as 'static'.
[ INFO ] [2016-10-31 16:00:37] org.springframework.context.support.PostProcessorRegistrationDelegate$BeanPostProcessorChecker [328] - Bean 'org.springframework.transaction.annotation.ProxyTransactionManagementConfiguration' of type [class org.springframework.transaction.annotation.ProxyTransactionManagementConfiguration$$EnhancerBySpringCGLIB$$a379188d] is not eligible for getting processed by all BeanPostProcessors (for example: not eligible for auto-proxying)
[ INFO ] [2016-10-31 16:00:37] org.springframework.boot.context.embedded.tomcat.TomcatEmbeddedServletContainer [88] - Tomcat initialized with port(s): 8090 (http)
[ INFO ] [2016-10-31 16:00:37] org.apache.catalina.core.StandardService [179] - Starting service Tomcat
[ INFO ] [2016-10-31 16:00:37] org.apache.catalina.core.StandardEngine [179] - Starting Servlet Engine: Apache Tomcat/8.5.4
[ INFO ] [2016-10-31 16:00:37] org.apache.jasper.servlet.TldScanner [179] - At least one JAR was scanned for TLDs yet contained no TLDs. Enable debug logging for this logger for a complete list of JARs that were scanned but no TLDs were found in them. Skipping unneeded JARs during scanning can improve startup time and JSP compilation time.
[ INFO ] [2016-10-31 16:00:37] org.apache.catalina.core.ContainerBase.[Tomcat].[localhost].[/] [179] - Initializing Spring embedded WebApplicationContext
[ INFO ] [2016-10-31 16:00:37] org.springframework.web.context.ContextLoader [276] - Root WebApplicationContext: initialization completed in 2298 ms
[ INFO ] [2016-10-31 16:00:38] org.springframework.boot.web.servlet.ServletRegistrationBean [190] - Mapping servlet: 'dispatcherServlet' to [/]
[ INFO ] [2016-10-31 16:00:38] org.springframework.boot.web.servlet.FilterRegistrationBean [258] - Mapping filter: 'characterEncodingFilter' to: [/*]
[ INFO ] [2016-10-31 16:00:38] org.springframework.boot.web.servlet.FilterRegistrationBean [258] - Mapping filter: 'hiddenHttpMethodFilter' to: [/*]
[ INFO ] [2016-10-31 16:00:38] org.springframework.boot.web.servlet.FilterRegistrationBean [258] - Mapping filter: 'httpPutFormContentFilter' to: [/*]
[ INFO ] [2016-10-31 16:00:38] org.springframework.boot.web.servlet.FilterRegistrationBean [258] - Mapping filter: 'requestContextFilter' to: [/*]
[ INFO ] [2016-10-31 16:00:39] org.springframework.web.servlet.mvc.method.annotation.RequestMappingHandlerAdapter [534] - Looking for @ControllerAdvice: org.springframework.boot.context.embedded.AnnotationConfigEmbeddedWebApplicationContext@2a54a73f: startup date [Mon Oct 31 16:00:35 CST 2016]; root of context hierarchy
[ INFO ] [2016-10-31 16:00:39] org.springframework.web.servlet.mvc.method.annotation.RequestMappingHandlerMapping [543] - Mapped "{[/log/writelog]}" onto public java.lang.Object xyz.ibenben.zhongdian.system.controller.LogController.writeLog()
[ INFO ] [2016-10-31 16:00:39] org.springframework.web.servlet.mvc.method.annotation.RequestMappingHandlerMapping [543] - Mapped "{[/student/getname]}" onto public java.lang.String xyz.ibenben.zhongdian.system.controller.StudentController.regiester(java.util.Map<java.lang.String, java.lang.Object>)
[ INFO ] [2016-10-31 16:00:39] org.springframework.web.servlet.mvc.method.annotation.RequestMappingHandlerMapping [543] - Mapped "{[/system/user/regiester]}" onto public java.lang.String xyz.ibenben.zhongdian.system.controller.UserController.regiester(java.util.Map<java.lang.String, java.lang.Object>)
[ INFO ] [2016-10-31 16:00:39] org.springframework.web.servlet.mvc.method.annotation.RequestMappingHandlerMapping [543] - Mapped "{[/error]}" onto public org.springframework.http.ResponseEntity<java.util.Map<java.lang.String, java.lang.Object>> org.springframework.boot.autoconfigure.web.BasicErrorController.error(javax.servlet.http.HttpServletRequest)
[ INFO ] [2016-10-31 16:00:39] org.springframework.web.servlet.mvc.method.annotation.RequestMappingHandlerMapping [543] - Mapped "{[/error],produces=[text/html]}" onto public org.springframework.web.servlet.ModelAndView org.springframework.boot.autoconfigure.web.BasicErrorController.errorHtml(javax.servlet.http.HttpServletRequest,javax.servlet.http.HttpServletResponse)
[ INFO ] [2016-10-31 16:00:39] org.springframework.web.servlet.handler.SimpleUrlHandlerMapping [354] - Mapped URL path [/webjars/**] onto handler of type [class org.springframework.web.servlet.resource.ResourceHttpRequestHandler]
[ INFO ] [2016-10-31 16:00:39] org.springframework.web.servlet.handler.SimpleUrlHandlerMapping [354] - Mapped URL path [/**] onto handler of type [class org.springframework.web.servlet.resource.ResourceHttpRequestHandler]
[ INFO ] [2016-10-31 16:00:39] org.springframework.web.servlet.handler.SimpleUrlHandlerMapping [354] - Mapped URL path [/**/favicon.ico] onto handler of type [class org.springframework.web.servlet.resource.ResourceHttpRequestHandler]
[ INFO ] [2016-10-31 16:00:39] org.springframework.jmx.export.annotation.AnnotationMBeanExporter [431] - Registering beans for JMX exposure on startup
[ INFO ] [2016-10-31 16:00:39] org.apache.coyote.http11.Http11NioProtocol [179] - Initializing ProtocolHandler ["http-nio-127.0.0.1-8090"]
[ INFO ] [2016-10-31 16:00:39] org.apache.coyote.http11.Http11NioProtocol [179] - Starting ProtocolHandler [http-nio-127.0.0.1-8090]
[ INFO ] [2016-10-31 16:00:39] org.apache.tomcat.util.net.NioSelectorPool [179] - Using a shared selector for servlet write/read
[ INFO ] [2016-10-31 16:00:39] org.springframework.boot.context.embedded.tomcat.TomcatEmbeddedServletContainer [186] - Tomcat started on port(s): 8090 (http)
[ INFO ] [2016-10-31 16:00:39] xyz.ibenben.zhongdian.Application [57] - Started Application in 5.023 seconds (JVM running for 5.748)
[ INFO ] [2016-10-31 16:02:35] org.springframework.boot.admin.SpringApplicationAdminMXBeanRegistrar$SpringApplicationAdmin [125] - Application shutdown requested.
[ INFO ] [2016-10-31 16:02:35] org.springframework.boot.context.embedded.AnnotationConfigEmbeddedWebApplicationContext [982] - Closing org.springframework.boot.context.embedded.AnnotationConfigEmbeddedWebApplicationContext@2a54a73f: startup date [Mon Oct 31 16:00:35 CST 2016]; root of context hierarchy
[ INFO ] [2016-10-31 16:02:35] org.springframework.jmx.export.annotation.AnnotationMBeanExporter [449] - Unregistering JMX-exposed beans on shutdown
[ INFO ] [2016-10-31 16:02:49] xyz.ibenben.zhongdian.Application [48] - Starting Application on PC-20140509BBFD with PID 11116 (C:\Users\Administrator\workspace\spring-boot-mybatis-demo-master\target\classes started by Administrator in C:\Users\Administrator\workspace\spring-boot-mybatis-demo-master)
[ INFO ] [2016-10-31 16:02:49] xyz.ibenben.zhongdian.Application [659] - No active profile set, falling back to default profiles: default
[ INFO ] [2016-10-31 16:02:49] org.springframework.boot.context.embedded.AnnotationConfigEmbeddedWebApplicationContext [581] - Refreshing org.springframework.boot.context.embedded.AnnotationConfigEmbeddedWebApplicationContext@3d6f0054: startup date [Mon Oct 31 16:02:49 CST 2016]; root of context hierarchy
[ INFO ] [2016-10-31 16:02:49] org.hibernate.validator.internal.util.Version [30] - HV000001: Hibernate Validator 5.2.4.Final
[ WARN ] [2016-10-31 16:02:50] org.mybatis.spring.mapper.ClassPathMapperScanner [167] - No MyBatis mapper was found in '[xyz.ibenben.zhongdian]' package. Please check your configuration.
[ WARN ] [2016-10-31 16:02:50] org.springframework.context.annotation.ConfigurationClassPostProcessor [386] - Cannot enhance @Configuration bean definition 'myBatisMapperScannerConfig' since its singleton instance has been created too early. The typical cause is a non-static @Bean method with a BeanDefinitionRegistryPostProcessor return type: Consider declaring such methods as 'static'.
[ INFO ] [2016-10-31 16:02:50] org.springframework.context.support.PostProcessorRegistrationDelegate$BeanPostProcessorChecker [328] - Bean 'org.springframework.transaction.annotation.ProxyTransactionManagementConfiguration' of type [class org.springframework.transaction.annotation.ProxyTransactionManagementConfiguration$$EnhancerBySpringCGLIB$$dbcf3c91] is not eligible for getting processed by all BeanPostProcessors (for example: not eligible for auto-proxying)
[ INFO ] [2016-10-31 16:02:51] org.springframework.boot.context.embedded.tomcat.TomcatEmbeddedServletContainer [88] - Tomcat initialized with port(s): 8090 (http)
[ INFO ] [2016-10-31 16:02:51] org.apache.catalina.core.StandardService [179] - Starting service Tomcat
[ INFO ] [2016-10-31 16:02:51] org.apache.catalina.core.StandardEngine [179] - Starting Servlet Engine: Apache Tomcat/8.5.4
[ INFO ] [2016-10-31 16:02:51] org.apache.jasper.servlet.TldScanner [179] - At least one JAR was scanned for TLDs yet contained no TLDs. Enable debug logging for this logger for a complete list of JARs that were scanned but no TLDs were found in them. Skipping unneeded JARs during scanning can improve startup time and JSP compilation time.
[ INFO ] [2016-10-31 16:02:51] org.apache.catalina.core.ContainerBase.[Tomcat].[localhost].[/] [179] - Initializing Spring embedded WebApplicationContext
[ INFO ] [2016-10-31 16:02:51] org.springframework.web.context.ContextLoader [276] - Root WebApplicationContext: initialization completed in 2284 ms
[ INFO ] [2016-10-31 16:02:51] org.springframework.boot.web.servlet.ServletRegistrationBean [190] - Mapping servlet: 'dispatcherServlet' to [/]
[ INFO ] [2016-10-31 16:02:51] org.springframework.boot.web.servlet.FilterRegistrationBean [258] - Mapping filter: 'characterEncodingFilter' to: [/*]
[ INFO ] [2016-10-31 16:02:51] org.springframework.boot.web.servlet.FilterRegistrationBean [258] - Mapping filter: 'hiddenHttpMethodFilter' to: [/*]
[ INFO ] [2016-10-31 16:02:51] org.springframework.boot.web.servlet.FilterRegistrationBean [258] - Mapping filter: 'httpPutFormContentFilter' to: [/*]
[ INFO ] [2016-10-31 16:02:51] org.springframework.boot.web.servlet.FilterRegistrationBean [258] - Mapping filter: 'requestContextFilter' to: [/*]
[ INFO ] [2016-10-31 16:02:52] org.springframework.web.servlet.mvc.method.annotation.RequestMappingHandlerAdapter [534] - Looking for @ControllerAdvice: org.springframework.boot.context.embedded.AnnotationConfigEmbeddedWebApplicationContext@3d6f0054: startup date [Mon Oct 31 16:02:49 CST 2016]; root of context hierarchy
[ INFO ] [2016-10-31 16:02:53] org.springframework.web.servlet.mvc.method.annotation.RequestMappingHandlerMapping [543] - Mapped "{[/log/writelog]}" onto public java.lang.Object xyz.ibenben.zhongdian.system.controller.LogController.writeLog()
[ INFO ] [2016-10-31 16:02:53] org.springframework.web.servlet.mvc.method.annotation.RequestMappingHandlerMapping [543] - Mapped "{[/student/getname]}" onto public java.lang.String xyz.ibenben.zhongdian.system.controller.StudentController.regiester(java.util.Map<java.lang.String, java.lang.Object>)
[ INFO ] [2016-10-31 16:02:53] org.springframework.web.servlet.mvc.method.annotation.RequestMappingHandlerMapping [543] - Mapped "{[/system/user/regiester]}" onto public java.lang.String xyz.ibenben.zhongdian.system.controller.UserController.regiester(java.util.Map<java.lang.String, java.lang.Object>)
[ INFO ] [2016-10-31 16:02:53] org.springframework.web.servlet.mvc.method.annotation.RequestMappingHandlerMapping [543] - Mapped "{[/error]}" onto public org.springframework.http.ResponseEntity<java.util.Map<java.lang.String, java.lang.Object>> org.springframework.boot.autoconfigure.web.BasicErrorController.error(javax.servlet.http.HttpServletRequest)
[ INFO ] [2016-10-31 16:02:53] org.springframework.web.servlet.mvc.method.annotation.RequestMappingHandlerMapping [543] - Mapped "{[/error],produces=[text/html]}" onto public org.springframework.web.servlet.ModelAndView org.springframework.boot.autoconfigure.web.BasicErrorController.errorHtml(javax.servlet.http.HttpServletRequest,javax.servlet.http.HttpServletResponse)
[ INFO ] [2016-10-31 16:02:53] org.springframework.web.servlet.handler.SimpleUrlHandlerMapping [354] - Mapped URL path [/webjars/**] onto handler of type [class org.springframework.web.servlet.resource.ResourceHttpRequestHandler]
[ INFO ] [2016-10-31 16:02:53] org.springframework.web.servlet.handler.SimpleUrlHandlerMapping [354] - Mapped URL path [/**] onto handler of type [class org.springframework.web.servlet.resource.ResourceHttpRequestHandler]
[ INFO ] [2016-10-31 16:02:53] org.springframework.web.servlet.handler.SimpleUrlHandlerMapping [354] - Mapped URL path [/**/favicon.ico] onto handler of type [class org.springframework.web.servlet.resource.ResourceHttpRequestHandler]
[ INFO ] [2016-10-31 16:02:53] org.springframework.jmx.export.annotation.AnnotationMBeanExporter [431] - Registering beans for JMX exposure on startup
[ INFO ] [2016-10-31 16:02:53] org.apache.coyote.http11.Http11NioProtocol [179] - Initializing ProtocolHandler ["http-nio-127.0.0.1-8090"]
[ INFO ] [2016-10-31 16:02:53] org.apache.coyote.http11.Http11NioProtocol [179] - Starting ProtocolHandler [http-nio-127.0.0.1-8090]
[ INFO ] [2016-10-31 16:02:53] org.apache.tomcat.util.net.NioSelectorPool [179] - Using a shared selector for servlet write/read
[ INFO ] [2016-10-31 16:02:53] org.springframework.boot.context.embedded.tomcat.TomcatEmbeddedServletContainer [186] - Tomcat started on port(s): 8090 (http)
[ INFO ] [2016-10-31 16:02:53] xyz.ibenben.zhongdian.Application [57] - Started Application in 5.064 seconds (JVM running for 5.749)
[ INFO ] [2016-10-31 16:03:16] org.springframework.boot.admin.SpringApplicationAdminMXBeanRegistrar$SpringApplicationAdmin [125] - Application shutdown requested.
[ INFO ] [2016-10-31 16:03:16] org.springframework.boot.context.embedded.AnnotationConfigEmbeddedWebApplicationContext [982] - Closing org.springframework.boot.context.embedded.AnnotationConfigEmbeddedWebApplicationContext@3d6f0054: startup date [Mon Oct 31 16:02:49 CST 2016]; root of context hierarchy
[ INFO ] [2016-10-31 16:03:16] org.springframework.jmx.export.annotation.AnnotationMBeanExporter [449] - Unregistering JMX-exposed beans on shutdown
[ INFO ] [2016-10-31 17:06:46] org.springframework.boot.admin.SpringApplicationAdminMXBeanRegistrar$SpringApplicationAdmin [125] - Application shutdown requested.
[ INFO ] [2016-10-31 17:06:47] org.springframework.boot.context.embedded.AnnotationConfigEmbeddedWebApplicationContext [982] - Closing org.springframework.boot.context.embedded.AnnotationConfigEmbeddedWebApplicationContext@7133da86: startup date [Mon Oct 31 16:43:08 CST 2016]; root of context hierarchy
[ INFO ] [2016-10-31 17:06:47] org.springframework.jmx.export.annotation.AnnotationMBeanExporter [449] - Unregistering JMX-exposed beans on shutdown
[ INFO ] [2016-10-31 17:06:57] xyz.ibenben.zhongdian.Application [48] - Starting Application on PC-20140509BBFD with PID 8496 (C:\Users\Administrator\workspace\spring-boot-mybatis-demo-master\target\classes started by Administrator in C:\Users\Administrator\workspace\spring-boot-mybatis-demo-master)
[ INFO ] [2016-10-31 17:06:57] xyz.ibenben.zhongdian.Application [659] - No active profile set, falling back to default profiles: default
[ INFO ] [2016-10-31 17:06:57] org.springframework.boot.context.embedded.AnnotationConfigEmbeddedWebApplicationContext [581] - Refreshing org.springframework.boot.context.embedded.AnnotationConfigEmbeddedWebApplicationContext@505fc5a4: startup date [Mon Oct 31 17:06:57 CST 2016]; root of context hierarchy
[ INFO ] [2016-10-31 17:06:57] org.hibernate.validator.internal.util.Version [30] - HV000001: Hibernate Validator 5.2.4.Final
[ WARN ] [2016-10-31 17:06:58] org.mybatis.spring.mapper.ClassPathMapperScanner [167] - No MyBatis mapper was found in '[xyz.ibenben.zhongdian]' package. Please check your configuration.
[ WARN ] [2016-10-31 17:06:58] org.springframework.context.annotation.ConfigurationClassPostProcessor [386] - Cannot enhance @Configuration bean definition 'myBatisMapperScannerConfig' since its singleton instance has been created too early. The typical cause is a non-static @Bean method with a BeanDefinitionRegistryPostProcessor return type: Consider declaring such methods as 'static'.
[ INFO ] [2016-10-31 17:06:58] org.springframework.context.support.PostProcessorRegistrationDelegate$BeanPostProcessorChecker [328] - Bean 'org.springframework.transaction.annotation.ProxyTransactionManagementConfiguration' of type [class org.springframework.transaction.annotation.ProxyTransactionManagementConfiguration$$EnhancerBySpringCGLIB$$a1534fa1] is not eligible for getting processed by all BeanPostProcessors (for example: not eligible for auto-proxying)
[ INFO ] [2016-10-31 17:06:59] org.springframework.boot.context.embedded.tomcat.TomcatEmbeddedServletContainer [88] - Tomcat initialized with port(s): 8090 (http)
[ INFO ] [2016-10-31 17:06:59] org.apache.catalina.core.StandardService [179] - Starting service Tomcat
[ INFO ] [2016-10-31 17:06:59] org.apache.catalina.core.StandardEngine [179] - Starting Servlet Engine: Apache Tomcat/8.5.4
[ INFO ] [2016-10-31 17:06:59] org.apache.jasper.servlet.TldScanner [179] - At least one JAR was scanned for TLDs yet contained no TLDs. Enable debug logging for this logger for a complete list of JARs that were scanned but no TLDs were found in them. Skipping unneeded JARs during scanning can improve startup time and JSP compilation time.
[ INFO ] [2016-10-31 17:06:59] org.apache.catalina.core.ContainerBase.[Tomcat].[localhost].[/] [179] - Initializing Spring embedded WebApplicationContext
[ INFO ] [2016-10-31 17:06:59] org.springframework.web.context.ContextLoader [276] - Root WebApplicationContext: initialization completed in 2481 ms
[ INFO ] [2016-10-31 17:07:00] org.springframework.boot.web.servlet.ServletRegistrationBean [190] - Mapping servlet: 'dispatcherServlet' to [/]
[ INFO ] [2016-10-31 17:07:00] org.springframework.boot.web.servlet.FilterRegistrationBean [258] - Mapping filter: 'characterEncodingFilter' to: [/*]
[ INFO ] [2016-10-31 17:07:00] org.springframework.boot.web.servlet.FilterRegistrationBean [258] - Mapping filter: 'hiddenHttpMethodFilter' to: [/*]
[ INFO ] [2016-10-31 17:07:00] org.springframework.boot.web.servlet.FilterRegistrationBean [258] - Mapping filter: 'httpPutFormContentFilter' to: [/*]
[ INFO ] [2016-10-31 17:07:00] org.springframework.boot.web.servlet.FilterRegistrationBean [258] - Mapping filter: 'requestContextFilter' to: [/*]
[ INFO ] [2016-10-31 17:07:01] org.springframework.web.servlet.mvc.method.annotation.RequestMappingHandlerAdapter [534] - Looking for @ControllerAdvice: org.springframework.boot.context.embedded.AnnotationConfigEmbeddedWebApplicationContext@505fc5a4: startup date [Mon Oct 31 17:06:57 CST 2016]; root of context hierarchy
[ INFO ] [2016-10-31 17:07:01] org.springframework.web.servlet.mvc.method.annotation.RequestMappingHandlerMapping [543] - Mapped "{[/log/writelog]}" onto public java.lang.Object xyz.ibenben.zhongdian.system.controller.LogController.writeLog()
[ INFO ] [2016-10-31 17:07:01] org.springframework.web.servlet.mvc.method.annotation.RequestMappingHandlerMapping [543] - Mapped "{[/student/getname]}" onto public java.lang.String xyz.ibenben.zhongdian.system.controller.StudentController.regiester(java.util.Map<java.lang.String, java.lang.Object>)
[ INFO ] [2016-10-31 17:07:01] org.springframework.web.servlet.mvc.method.annotation.RequestMappingHandlerMapping [543] - Mapped "{[/system/user/regiester]}" onto public java.lang.String xyz.ibenben.zhongdian.system.controller.UserController.regiester(java.util.Map<java.lang.String, java.lang.Object>)
[ INFO ] [2016-10-31 17:07:01] org.springframework.web.servlet.mvc.method.annotation.RequestMappingHandlerMapping [543] - Mapped "{[/error]}" onto public org.springframework.http.ResponseEntity<java.util.Map<java.lang.String, java.lang.Object>> org.springframework.boot.autoconfigure.web.BasicErrorController.error(javax.servlet.http.HttpServletRequest)
[ INFO ] [2016-10-31 17:07:01] org.springframework.web.servlet.mvc.method.annotation.RequestMappingHandlerMapping [543] - Mapped "{[/error],produces=[text/html]}" onto public org.springframework.web.servlet.ModelAndView org.springframework.boot.autoconfigure.web.BasicErrorController.errorHtml(javax.servlet.http.HttpServletRequest,javax.servlet.http.HttpServletResponse)
[ INFO ] [2016-10-31 17:07:01] org.springframework.web.servlet.handler.SimpleUrlHandlerMapping [354] - Mapped URL path [/webjars/**] onto handler of type [class org.springframework.web.servlet.resource.ResourceHttpRequestHandler]
[ INFO ] [2016-10-31 17:07:01] org.springframework.web.servlet.handler.SimpleUrlHandlerMapping [354] - Mapped URL path [/**] onto handler of type [class org.springframework.web.servlet.resource.ResourceHttpRequestHandler]
[ INFO ] [2016-10-31 17:07:01] org.springframework.web.servlet.handler.SimpleUrlHandlerMapping [354] - Mapped URL path [/**/favicon.ico] onto handler of type [class org.springframework.web.servlet.resource.ResourceHttpRequestHandler]
[ INFO ] [2016-10-31 17:07:01] org.springframework.jmx.export.annotation.AnnotationMBeanExporter [431] - Registering beans for JMX exposure on startup
[ INFO ] [2016-10-31 17:07:01] org.apache.coyote.http11.Http11NioProtocol [179] - Initializing ProtocolHandler ["http-nio-127.0.0.1-8090"]
[ INFO ] [2016-10-31 17:07:02] org.apache.coyote.http11.Http11NioProtocol [179] - Starting ProtocolHandler [http-nio-127.0.0.1-8090]
[ INFO ] [2016-10-31 17:07:02] org.apache.tomcat.util.net.NioSelectorPool [179] - Using a shared selector for servlet write/read
[ INFO ] [2016-10-31 17:07:02] org.springframework.boot.context.embedded.tomcat.TomcatEmbeddedServletContainer [186] - Tomcat started on port(s): 8090 (http)
[ INFO ] [2016-10-31 17:07:02] xyz.ibenben.zhongdian.Application [57] - Started Application in 5.762 seconds (JVM running for 6.565)
[ INFO ] [2016-10-31 17:07:48] org.springframework.boot.admin.SpringApplicationAdminMXBeanRegistrar$SpringApplicationAdmin [125] - Application shutdown requested.
[ INFO ] [2016-10-31 17:07:48] org.springframework.boot.context.embedded.AnnotationConfigEmbeddedWebApplicationContext [982] - Closing org.springframework.boot.context.embedded.AnnotationConfigEmbeddedWebApplicationContext@505fc5a4: startup date [Mon Oct 31 17:06:57 CST 2016]; root of context hierarchy
[ INFO ] [2016-10-31 17:07:48] org.springframework.jmx.export.annotation.AnnotationMBeanExporter [449] - Unregistering JMX-exposed beans on shutdown
[ INFO ] [2016-10-31 17:07:56] xyz.ibenben.zhongdian.Application [48] - Starting Application on PC-20140509BBFD with PID 11544 (C:\Users\Administrator\workspace\spring-boot-mybatis-demo-master\target\classes started by Administrator in C:\Users\Administrator\workspace\spring-boot-mybatis-demo-master)
[ INFO ] [2016-10-31 17:07:56] xyz.ibenben.zhongdian.Application [659] - No active profile set, falling back to default profiles: default
[ INFO ] [2016-10-31 17:07:56] org.springframework.boot.context.embedded.AnnotationConfigEmbeddedWebApplicationContext [581] - Refreshing org.springframework.boot.context.embedded.AnnotationConfigEmbeddedWebApplicationContext@67c33749: startup date [Mon Oct 31 17:07:56 CST 2016]; root of context hierarchy
[ INFO ] [2016-10-31 17:07:57] org.hibernate.validator.internal.util.Version [30] - HV000001: Hibernate Validator 5.2.4.Final
[ WARN ] [2016-10-31 17:07:57] org.mybatis.spring.mapper.ClassPathMapperScanner [167] - No MyBatis mapper was found in '[xyz.ibenben.zhongdian]' package. Please check your configuration.
[ WARN ] [2016-10-31 17:07:58] org.springframework.context.annotation.ConfigurationClassPostProcessor [386] - Cannot enhance @Configuration bean definition 'myBatisMapperScannerConfig' since its singleton instance has been created too early. The typical cause is a non-static @Bean method with a BeanDefinitionRegistryPostProcessor return type: Consider declaring such methods as 'static'.
[ INFO ] [2016-10-31 17:07:58] org.springframework.context.support.PostProcessorRegistrationDelegate$BeanPostProcessorChecker [328] - Bean 'org.springframework.transaction.annotation.ProxyTransactionManagementConfiguration' of type [class org.springframework.transaction.annotation.ProxyTransactionManagementConfiguration$$EnhancerBySpringCGLIB$$d2cd7f8a] is not eligible for getting processed by all BeanPostProcessors (for example: not eligible for auto-proxying)
[ INFO ] [2016-10-31 17:07:59] org.springframework.boot.context.embedded.tomcat.TomcatEmbeddedServletContainer [88] - Tomcat initialized with port(s): 8090 (http)
[ INFO ] [2016-10-31 17:07:59] org.apache.catalina.core.StandardService [179] - Starting service Tomcat
[ INFO ] [2016-10-31 17:07:59] org.apache.catalina.core.StandardEngine [179] - Starting Servlet Engine: Apache Tomcat/8.5.4
[ INFO ] [2016-10-31 17:07:59] org.apache.jasper.servlet.TldScanner [179] - At least one JAR was scanned for TLDs yet contained no TLDs. Enable debug logging for this logger for a complete list of JARs that were scanned but no TLDs were found in them. Skipping unneeded JARs during scanning can improve startup time and JSP compilation time.
[ INFO ] [2016-10-31 17:07:59] org.apache.catalina.core.ContainerBase.[Tomcat].[localhost].[/] [179] - Initializing Spring embedded WebApplicationContext
[ INFO ] [2016-10-31 17:07:59] org.springframework.web.context.ContextLoader [276] - Root WebApplicationContext: initialization completed in 2581 ms
[ INFO ] [2016-10-31 17:07:59] org.springframework.boot.web.servlet.ServletRegistrationBean [190] - Mapping servlet: 'dispatcherServlet' to [/]
[ INFO ] [2016-10-31 17:07:59] org.springframework.boot.web.servlet.FilterRegistrationBean [258] - Mapping filter: 'characterEncodingFilter' to: [/*]
[ INFO ] [2016-10-31 17:07:59] org.springframework.boot.web.servlet.FilterRegistrationBean [258] - Mapping filter: 'hiddenHttpMethodFilter' to: [/*]
[ INFO ] [2016-10-31 17:07:59] org.springframework.boot.web.servlet.FilterRegistrationBean [258] - Mapping filter: 'httpPutFormContentFilter' to: [/*]
[ INFO ] [2016-10-31 17:07:59] org.springframework.boot.web.servlet.FilterRegistrationBean [258] - Mapping filter: 'requestContextFilter' to: [/*]
[ INFO ] [2016-10-31 17:08:00] org.springframework.web.servlet.mvc.method.annotation.RequestMappingHandlerAdapter [534] - Looking for @ControllerAdvice: org.springframework.boot.context.embedded.AnnotationConfigEmbeddedWebApplicationContext@67c33749: startup date [Mon Oct 31 17:07:56 CST 2016]; root of context hierarchy
[ INFO ] [2016-10-31 17:08:00] org.springframework.web.servlet.mvc.method.annotation.RequestMappingHandlerMapping [543] - Mapped "{[/log/writelog]}" onto public java.lang.Object xyz.ibenben.zhongdian.system.controller.LogController.writeLog()
[ INFO ] [2016-10-31 17:08:00] org.springframework.web.servlet.mvc.method.annotation.RequestMappingHandlerMapping [543] - Mapped "{[/student/getname]}" onto public java.lang.String xyz.ibenben.zhongdian.system.controller.StudentController.regiester(java.util.Map<java.lang.String, java.lang.Object>)
[ INFO ] [2016-10-31 17:08:00] org.springframework.web.servlet.mvc.method.annotation.RequestMappingHandlerMapping [543] - Mapped "{[/system/user/regiester]}" onto public java.lang.String xyz.ibenben.zhongdian.system.controller.UserController.regiester(java.util.Map<java.lang.String, java.lang.Object>)
[ INFO ] [2016-10-31 17:08:00] org.springframework.web.servlet.mvc.method.annotation.RequestMappingHandlerMapping [543] - Mapped "{[/error]}" onto public org.springframework.http.ResponseEntity<java.util.Map<java.lang.String, java.lang.Object>> org.springframework.boot.autoconfigure.web.BasicErrorController.error(javax.servlet.http.HttpServletRequest)
[ INFO ] [2016-10-31 17:08:00] org.springframework.web.servlet.mvc.method.annotation.RequestMappingHandlerMapping [543] - Mapped "{[/error],produces=[text/html]}" onto public org.springframework.web.servlet.ModelAndView org.springframework.boot.autoconfigure.web.BasicErrorController.errorHtml(javax.servlet.http.HttpServletRequest,javax.servlet.http.HttpServletResponse)
[ INFO ] [2016-10-31 17:08:00] org.springframework.web.servlet.handler.SimpleUrlHandlerMapping [354] - Mapped URL path [/webjars/**] onto handler of type [class org.springframework.web.servlet.resource.ResourceHttpRequestHandler]
[ INFO ] [2016-10-31 17:08:00] org.springframework.web.servlet.handler.SimpleUrlHandlerMapping [354] - Mapped URL path [/**] onto handler of type [class org.springframework.web.servlet.resource.ResourceHttpRequestHandler]
[ INFO ] [2016-10-31 17:08:01] org.springframework.web.servlet.handler.SimpleUrlHandlerMapping [354] - Mapped URL path [/**/favicon.ico] onto handler of type [class org.springframework.web.servlet.resource.ResourceHttpRequestHandler]
[ INFO ] [2016-10-31 17:08:01] org.springframework.jmx.export.annotation.AnnotationMBeanExporter [431] - Registering beans for JMX exposure on startup
[ INFO ] [2016-10-31 17:08:01] org.apache.coyote.http11.Http11NioProtocol [179] - Initializing ProtocolHandler ["http-nio-127.0.0.1-8090"]
[ INFO ] [2016-10-31 17:08:01] org.apache.coyote.http11.Http11NioProtocol [179] - Starting ProtocolHandler [http-nio-127.0.0.1-8090]
[ INFO ] [2016-10-31 17:08:01] org.apache.tomcat.util.net.NioSelectorPool [179] - Using a shared selector for servlet write/read
[ INFO ] [2016-10-31 17:08:01] org.springframework.boot.context.embedded.tomcat.TomcatEmbeddedServletContainer [186] - Tomcat started on port(s): 8090 (http)
[ INFO ] [2016-10-31 17:08:01] xyz.ibenben.zhongdian.Application [57] - Started Application in 5.654 seconds (JVM running for 6.375)
[ INFO ] [2016-10-31 17:08:53] org.apache.catalina.core.ContainerBase.[Tomcat].[localhost].[/] [179] - Initializing Spring FrameworkServlet 'dispatcherServlet'
[ INFO ] [2016-10-31 17:08:53] org.springframework.web.servlet.DispatcherServlet [489] - FrameworkServlet 'dispatcherServlet': initialization started
[ INFO ] [2016-10-31 17:08:53] org.springframework.web.servlet.DispatcherServlet [508] - FrameworkServlet 'dispatcherServlet': initialization completed in 33 ms
[ INFO ] [2016-10-31 17:12:32] org.springframework.boot.admin.SpringApplicationAdminMXBeanRegistrar$SpringApplicationAdmin [125] - Application shutdown requested.
[ INFO ] [2016-10-31 17:12:32] org.springframework.boot.context.embedded.AnnotationConfigEmbeddedWebApplicationContext [982] - Closing org.springframework.boot.context.embedded.AnnotationConfigEmbeddedWebApplicationContext@67c33749: startup date [Mon Oct 31 17:07:56 CST 2016]; root of context hierarchy
[ INFO ] [2016-10-31 17:12:32] org.springframework.jmx.export.annotation.AnnotationMBeanExporter [449] - Unregistering JMX-exposed beans on shutdown
[ INFO ] [2016-10-31 17:12:40] xyz.ibenben.zhongdian.Application [48] - Starting Application on PC-20140509BBFD with PID 11520 (C:\Users\Administrator\workspace\spring-boot-mybatis-demo-master\target\classes started by Administrator in C:\Users\Administrator\workspace\spring-boot-mybatis-demo-master)
[ INFO ] [2016-10-31 17:12:40] xyz.ibenben.zhongdian.Application [659] - No active profile set, falling back to default profiles: default
[ INFO ] [2016-10-31 17:12:40] org.springframework.boot.context.embedded.AnnotationConfigEmbeddedWebApplicationContext [581] - Refreshing org.springframework.boot.context.embedded.AnnotationConfigEmbeddedWebApplicationContext@67c33749: startup date [Mon Oct 31 17:12:40 CST 2016]; root of context hierarchy
[ INFO ] [2016-10-31 17:12:40] org.hibernate.validator.internal.util.Version [30] - HV000001: Hibernate Validator 5.2.4.Final
[ WARN ] [2016-10-31 17:12:41] org.mybatis.spring.mapper.ClassPathMapperScanner [167] - No MyBatis mapper was found in '[xyz.ibenben.zhongdian]' package. Please check your configuration.
[ WARN ] [2016-10-31 17:12:41] org.springframework.context.annotation.ConfigurationClassPostProcessor [386] - Cannot enhance @Configuration bean definition 'myBatisMapperScannerConfig' since its singleton instance has been created too early. The typical cause is a non-static @Bean method with a BeanDefinitionRegistryPostProcessor return type: Consider declaring such methods as 'static'.
[ INFO ] [2016-10-31 17:12:42] org.springframework.context.support.PostProcessorRegistrationDelegate$BeanPostProcessorChecker [328] - Bean 'org.springframework.transaction.annotation.ProxyTransactionManagementConfiguration' of type [class org.springframework.transaction.annotation.ProxyTransactionManagementConfiguration$$EnhancerBySpringCGLIB$$d2cd7f8a] is not eligible for getting processed by all BeanPostProcessors (for example: not eligible for auto-proxying)
[ INFO ] [2016-10-31 17:12:42] org.springframework.boot.context.embedded.tomcat.TomcatEmbeddedServletContainer [88] - Tomcat initialized with port(s): 8090 (http)
[ INFO ] [2016-10-31 17:12:42] org.apache.catalina.core.StandardService [179] - Starting service Tomcat
[ INFO ] [2016-10-31 17:12:42] org.apache.catalina.core.StandardEngine [179] - Starting Servlet Engine: Apache Tomcat/8.5.4
[ INFO ] [2016-10-31 17:12:43] org.apache.jasper.servlet.TldScanner [179] - At least one JAR was scanned for TLDs yet contained no TLDs. Enable debug logging for this logger for a complete list of JARs that were scanned but no TLDs were found in them. Skipping unneeded JARs during scanning can improve startup time and JSP compilation time.
[ INFO ] [2016-10-31 17:12:43] org.apache.catalina.core.ContainerBase.[Tomcat].[localhost].[/] [179] - Initializing Spring embedded WebApplicationContext
[ INFO ] [2016-10-31 17:12:43] org.springframework.web.context.ContextLoader [276] - Root WebApplicationContext: initialization completed in 2833 ms
[ INFO ] [2016-10-31 17:12:43] org.springframework.boot.web.servlet.ServletRegistrationBean [190] - Mapping servlet: 'dispatcherServlet' to [/]
[ INFO ] [2016-10-31 17:12:43] org.springframework.boot.web.servlet.FilterRegistrationBean [258] - Mapping filter: 'characterEncodingFilter' to: [/*]
[ INFO ] [2016-10-31 17:12:43] org.springframework.boot.web.servlet.FilterRegistrationBean [258] - Mapping filter: 'hiddenHttpMethodFilter' to: [/*]
[ INFO ] [2016-10-31 17:12:43] org.springframework.boot.web.servlet.FilterRegistrationBean [258] - Mapping filter: 'httpPutFormContentFilter' to: [/*]
[ INFO ] [2016-10-31 17:12:43] org.springframework.boot.web.servlet.FilterRegistrationBean [258] - Mapping filter: 'requestContextFilter' to: [/*]
[ INFO ] [2016-10-31 17:12:44] org.springframework.web.servlet.mvc.method.annotation.RequestMappingHandlerAdapter [534] - Looking for @ControllerAdvice: org.springframework.boot.context.embedded.AnnotationConfigEmbeddedWebApplicationContext@67c33749: startup date [Mon Oct 31 17:12:40 CST 2016]; root of context hierarchy
[ INFO ] [2016-10-31 17:12:45] org.springframework.web.servlet.mvc.method.annotation.RequestMappingHandlerMapping [543] - Mapped "{[/log/writelog]}" onto public java.lang.Object xyz.ibenben.zhongdian.system.controller.LogController.writeLog()
[ INFO ] [2016-10-31 17:12:45] org.springframework.web.servlet.mvc.method.annotation.RequestMappingHandlerMapping [543] - Mapped "{[/student/getname]}" onto public java.lang.String xyz.ibenben.zhongdian.system.controller.StudentController.regiester(java.util.Map<java.lang.String, java.lang.Object>)
[ INFO ] [2016-10-31 17:12:45] org.springframework.web.servlet.mvc.method.annotation.RequestMappingHandlerMapping [543] - Mapped "{[/system/user/regiester]}" onto public java.lang.String xyz.ibenben.zhongdian.system.controller.UserController.regiester(java.util.Map<java.lang.String, java.lang.Object>)
[ INFO ] [2016-10-31 17:12:45] org.springframework.web.servlet.mvc.method.annotation.RequestMappingHandlerMapping [543] - Mapped "{[/error]}" onto public org.springframework.http.ResponseEntity<java.util.Map<java.lang.String, java.lang.Object>> org.springframework.boot.autoconfigure.web.BasicErrorController.error(javax.servlet.http.HttpServletRequest)
[ INFO ] [2016-10-31 17:12:45] org.springframework.web.servlet.mvc.method.annotation.RequestMappingHandlerMapping [543] - Mapped "{[/error],produces=[text/html]}" onto public org.springframework.web.servlet.ModelAndView org.springframework.boot.autoconfigure.web.BasicErrorController.errorHtml(javax.servlet.http.HttpServletRequest,javax.servlet.http.HttpServletResponse)
[ INFO ] [2016-10-31 17:12:45] org.springframework.web.servlet.handler.SimpleUrlHandlerMapping [354] - Mapped URL path [/webjars/**] onto handler of type [class org.springframework.web.servlet.resource.ResourceHttpRequestHandler]
[ INFO ] [2016-10-31 17:12:45] org.springframework.web.servlet.handler.SimpleUrlHandlerMapping [354] - Mapped URL path [/**] onto handler of type [class org.springframework.web.servlet.resource.ResourceHttpRequestHandler]
[ INFO ] [2016-10-31 17:12:45] org.springframework.web.servlet.handler.SimpleUrlHandlerMapping [354] - Mapped URL path [/**/favicon.ico] onto handler of type [class org.springframework.web.servlet.resource.ResourceHttpRequestHandler]
[ INFO ] [2016-10-31 17:12:45] org.springframework.jmx.export.annotation.AnnotationMBeanExporter [431] - Registering beans for JMX exposure on startup
[ INFO ] [2016-10-31 17:12:45] org.apache.coyote.http11.Http11NioProtocol [179] - Initializing ProtocolHandler ["http-nio-127.0.0.1-8090"]
[ INFO ] [2016-10-31 17:12:45] org.apache.coyote.http11.Http11NioProtocol [179] - Starting ProtocolHandler [http-nio-127.0.0.1-8090]
[ INFO ] [2016-10-31 17:12:45] org.apache.tomcat.util.net.NioSelectorPool [179] - Using a shared selector for servlet write/read
[ INFO ] [2016-10-31 17:12:45] org.springframework.boot.context.embedded.tomcat.TomcatEmbeddedServletContainer [186] - Tomcat started on port(s): 8090 (http)
[ INFO ] [2016-10-31 17:12:45] xyz.ibenben.zhongdian.Application [57] - Started Application in 6.122 seconds (JVM running for 6.874)
[ INFO ] [2016-10-31 17:15:10] org.springframework.boot.admin.SpringApplicationAdminMXBeanRegistrar$SpringApplicationAdmin [125] - Application shutdown requested.
[ INFO ] [2016-10-31 17:15:10] org.springframework.boot.context.embedded.AnnotationConfigEmbeddedWebApplicationContext [982] - Closing org.springframework.boot.context.embedded.AnnotationConfigEmbeddedWebApplicationContext@67c33749: startup date [Mon Oct 31 17:12:40 CST 2016]; root of context hierarchy
[ INFO ] [2016-10-31 17:15:10] org.springframework.jmx.export.annotation.AnnotationMBeanExporter [449] - Unregistering JMX-exposed beans on shutdown
[ INFO ] [2016-10-31 17:15:21] xyz.ibenben.zhongdian.Application [48] - Starting Application on PC-20140509BBFD with PID 8696 (C:\Users\Administrator\workspace\spring-boot-mybatis-demo-master\target\classes started by Administrator in C:\Users\Administrator\workspace\spring-boot-mybatis-demo-master)
[ INFO ] [2016-10-31 17:15:21] xyz.ibenben.zhongdian.Application [659] - No active profile set, falling back to default profiles: default
[ INFO ] [2016-10-31 17:15:21] org.springframework.boot.context.embedded.AnnotationConfigEmbeddedWebApplicationContext [581] - Refreshing org.springframework.boot.context.embedded.AnnotationConfigEmbeddedWebApplicationContext@71238fc2: startup date [Mon Oct 31 17:15:21 CST 2016]; root of context hierarchy
[ INFO ] [2016-10-31 17:15:21] org.hibernate.validator.internal.util.Version [30] - HV000001: Hibernate Validator 5.2.4.Final
[ WARN ] [2016-10-31 17:15:22] org.mybatis.spring.mapper.ClassPathMapperScanner [167] - No MyBatis mapper was found in '[xyz.ibenben.zhongdian]' package. Please check your configuration.
[ WARN ] [2016-10-31 17:15:22] org.springframework.context.annotation.ConfigurationClassPostProcessor [386] - Cannot enhance @Configuration bean definition 'myBatisMapperScannerConfig' since its singleton instance has been created too early. The typical cause is a non-static @Bean method with a BeanDefinitionRegistryPostProcessor return type: Consider declaring such methods as 'static'.
[ INFO ] [2016-10-31 17:15:22] org.springframework.context.support.PostProcessorRegistrationDelegate$BeanPostProcessorChecker [328] - Bean 'org.springframework.transaction.annotation.ProxyTransactionManagementConfiguration' of type [class org.springframework.transaction.annotation.ProxyTransactionManagementConfiguration$$EnhancerBySpringCGLIB$$dcb64ab4] is not eligible for getting processed by all BeanPostProcessors (for example: not eligible for auto-proxying)
[ INFO ] [2016-10-31 17:15:23] org.springframework.boot.context.embedded.tomcat.TomcatEmbeddedServletContainer [88] - Tomcat initialized with port(s): 8090 (http)
[ INFO ] [2016-10-31 17:15:23] org.apache.catalina.core.StandardService [179] - Starting service Tomcat
[ INFO ] [2016-10-31 17:15:23] org.apache.catalina.core.StandardEngine [179] - Starting Servlet Engine: Apache Tomcat/8.5.4
[ INFO ] [2016-10-31 17:15:23] org.apache.jasper.servlet.TldScanner [179] - At least one JAR was scanned for TLDs yet contained no TLDs. Enable debug logging for this logger for a complete list of JARs that were scanned but no TLDs were found in them. Skipping unneeded JARs during scanning can improve startup time and JSP compilation time.
[ INFO ] [2016-10-31 17:15:23] org.apache.catalina.core.ContainerBase.[Tomcat].[localhost].[/] [179] - Initializing Spring embedded WebApplicationContext
[ INFO ] [2016-10-31 17:15:23] org.springframework.web.context.ContextLoader [276] - Root WebApplicationContext: initialization completed in 2570 ms
[ INFO ] [2016-10-31 17:15:24] org.springframework.boot.web.servlet.ServletRegistrationBean [190] - Mapping servlet: 'dispatcherServlet' to [/]
[ INFO ] [2016-10-31 17:15:24] org.springframework.boot.web.servlet.FilterRegistrationBean [258] - Mapping filter: 'characterEncodingFilter' to: [/*]
[ INFO ] [2016-10-31 17:15:24] org.springframework.boot.web.servlet.FilterRegistrationBean [258] - Mapping filter: 'hiddenHttpMethodFilter' to: [/*]
[ INFO ] [2016-10-31 17:15:24] org.springframework.boot.web.servlet.FilterRegistrationBean [258] - Mapping filter: 'httpPutFormContentFilter' to: [/*]
[ INFO ] [2016-10-31 17:15:24] org.springframework.boot.web.servlet.FilterRegistrationBean [258] - Mapping filter: 'requestContextFilter' to: [/*]
[ INFO ] [2016-10-31 17:15:25] org.springframework.web.servlet.mvc.method.annotation.RequestMappingHandlerAdapter [534] - Looking for @ControllerAdvice: org.springframework.boot.context.embedded.AnnotationConfigEmbeddedWebApplicationContext@71238fc2: startup date [Mon Oct 31 17:15:21 CST 2016]; root of context hierarchy
[ INFO ] [2016-10-31 17:15:25] org.springframework.web.servlet.mvc.method.annotation.RequestMappingHandlerMapping [543] - Mapped "{[/log/writelog]}" onto public java.lang.Object xyz.ibenben.zhongdian.system.controller.LogController.writeLog()
[ INFO ] [2016-10-31 17:15:25] org.springframework.web.servlet.mvc.method.annotation.RequestMappingHandlerMapping [543] - Mapped "{[/student/getname]}" onto public java.lang.String xyz.ibenben.zhongdian.system.controller.StudentController.regiester(java.util.Map<java.lang.String, java.lang.Object>)
[ INFO ] [2016-10-31 17:15:25] org.springframework.web.servlet.mvc.method.annotation.RequestMappingHandlerMapping [543] - Mapped "{[/system/user/regiester]}" onto public java.lang.String xyz.ibenben.zhongdian.system.controller.UserController.regiester(java.util.Map<java.lang.String, java.lang.Object>)
[ INFO ] [2016-10-31 17:15:25] org.springframework.web.servlet.mvc.method.annotation.RequestMappingHandlerMapping [543] - Mapped "{[/error]}" onto public org.springframework.http.ResponseEntity<java.util.Map<java.lang.String, java.lang.Object>> org.springframework.boot.autoconfigure.web.BasicErrorController.error(javax.servlet.http.HttpServletRequest)
[ INFO ] [2016-10-31 17:15:25] org.springframework.web.servlet.mvc.method.annotation.RequestMappingHandlerMapping [543] - Mapped "{[/error],produces=[text/html]}" onto public org.springframework.web.servlet.ModelAndView org.springframework.boot.autoconfigure.web.BasicErrorController.errorHtml(javax.servlet.http.HttpServletRequest,javax.servlet.http.HttpServletResponse)
[ INFO ] [2016-10-31 17:15:25] org.springframework.web.servlet.handler.SimpleUrlHandlerMapping [354] - Mapped URL path [/webjars/**] onto handler of type [class org.springframework.web.servlet.resource.ResourceHttpRequestHandler]
[ INFO ] [2016-10-31 17:15:25] org.springframework.web.servlet.handler.SimpleUrlHandlerMapping [354] - Mapped URL path [/**] onto handler of type [class org.springframework.web.servlet.resource.ResourceHttpRequestHandler]
[ INFO ] [2016-10-31 17:15:25] org.springframework.web.servlet.handler.SimpleUrlHandlerMapping [354] - Mapped URL path [/**/favicon.ico] onto handler of type [class org.springframework.web.servlet.resource.ResourceHttpRequestHandler]
[ INFO ] [2016-10-31 17:15:26] org.springframework.jmx.export.annotation.AnnotationMBeanExporter [431] - Registering beans for JMX exposure on startup
[ INFO ] [2016-10-31 17:15:26] org.apache.coyote.http11.Http11NioProtocol [179] - Initializing ProtocolHandler ["http-nio-127.0.0.1-8090"]
[ INFO ] [2016-10-31 17:15:26] org.apache.coyote.http11.Http11NioProtocol [179] - Starting ProtocolHandler [http-nio-127.0.0.1-8090]
[ INFO ] [2016-10-31 17:15:26] org.apache.tomcat.util.net.NioSelectorPool [179] - Using a shared selector for servlet write/read
[ INFO ] [2016-10-31 17:15:26] org.springframework.boot.context.embedded.tomcat.TomcatEmbeddedServletContainer [186] - Tomcat started on port(s): 8090 (http)
[ INFO ] [2016-10-31 17:15:26] xyz.ibenben.zhongdian.Application [57] - Started Application in 6.15 seconds (JVM running for 6.962)
[ INFO ] [2016-10-31 17:16:26] org.springframework.boot.admin.SpringApplicationAdminMXBeanRegistrar$SpringApplicationAdmin [125] - Application shutdown requested.
[ INFO ] [2016-10-31 17:16:26] org.springframework.boot.context.embedded.AnnotationConfigEmbeddedWebApplicationContext [982] - Closing org.springframework.boot.context.embedded.AnnotationConfigEmbeddedWebApplicationContext@71238fc2: startup date [Mon Oct 31 17:15:21 CST 2016]; root of context hierarchy
[ INFO ] [2016-10-31 17:16:26] org.springframework.jmx.export.annotation.AnnotationMBeanExporter [449] - Unregistering JMX-exposed beans on shutdown
[ INFO ] [2016-10-31 17:16:46] xyz.ibenben.zhongdian.Application [48] - Starting Application on PC-20140509BBFD with PID 11032 (C:\Users\Administrator\workspace\spring-boot-mybatis-demo-master\target\classes started by Administrator in C:\Users\Administrator\workspace\spring-boot-mybatis-demo-master)
[ INFO ] [2016-10-31 17:16:46] xyz.ibenben.zhongdian.Application [659] - No active profile set, falling back to default profiles: default
[ INFO ] [2016-10-31 17:16:46] org.springframework.boot.context.embedded.AnnotationConfigEmbeddedWebApplicationContext [581] - Refreshing org.springframework.boot.context.embedded.AnnotationConfigEmbeddedWebApplicationContext@16a0ee18: startup date [Mon Oct 31 17:16:46 CST 2016]; root of context hierarchy
[ INFO ] [2016-10-31 17:16:46] org.hibernate.validator.internal.util.Version [30] - HV000001: Hibernate Validator 5.2.4.Final
[ WARN ] [2016-10-31 17:16:47] org.mybatis.spring.mapper.ClassPathMapperScanner [167] - No MyBatis mapper was found in '[xyz.ibenben.zhongdian]' package. Please check your configuration.
[ WARN ] [2016-10-31 17:16:47] org.springframework.context.annotation.ConfigurationClassPostProcessor [386] - Cannot enhance @Configuration bean definition 'myBatisMapperScannerConfig' since its singleton instance has been created too early. The typical cause is a non-static @Bean method with a BeanDefinitionRegistryPostProcessor return type: Consider declaring such methods as 'static'.
[ INFO ] [2016-10-31 17:16:48] org.springframework.context.support.PostProcessorRegistrationDelegate$BeanPostProcessorChecker [328] - Bean 'org.springframework.transaction.annotation.ProxyTransactionManagementConfiguration' of type [class org.springframework.transaction.annotation.ProxyTransactionManagementConfiguration$$EnhancerBySpringCGLIB$$57928285] is not eligible for getting processed by all BeanPostProcessors (for example: not eligible for auto-proxying)
[ INFO ] [2016-10-31 17:16:49] org.springframework.boot.context.embedded.tomcat.TomcatEmbeddedServletContainer [88] - Tomcat initialized with port(s): 8090 (http)
[ INFO ] [2016-10-31 17:16:49] org.apache.catalina.core.StandardService [179] - Starting service Tomcat
[ INFO ] [2016-10-31 17:16:49] org.apache.catalina.core.StandardEngine [179] - Starting Servlet Engine: Apache Tomcat/8.5.4
[ INFO ] [2016-10-31 17:16:49] org.apache.jasper.servlet.TldScanner [179] - At least one JAR was scanned for TLDs yet contained no TLDs. Enable debug logging for this logger for a complete list of JARs that were scanned but no TLDs were found in them. Skipping unneeded JARs during scanning can improve startup time and JSP compilation time.
[ INFO ] [2016-10-31 17:16:49] org.apache.catalina.core.ContainerBase.[Tomcat].[localhost].[/] [179] - Initializing Spring embedded WebApplicationContext
[ INFO ] [2016-10-31 17:16:49] org.springframework.web.context.ContextLoader [276] - Root WebApplicationContext: initialization completed in 2865 ms
[ INFO ] [2016-10-31 17:16:49] org.springframework.boot.web.servlet.ServletRegistrationBean [190] - Mapping servlet: 'dispatcherServlet' to [/]
[ INFO ] [2016-10-31 17:16:49] org.springframework.boot.web.servlet.FilterRegistrationBean [258] - Mapping filter: 'characterEncodingFilter' to: [/*]
[ INFO ] [2016-10-31 17:16:49] org.springframework.boot.web.servlet.FilterRegistrationBean [258] - Mapping filter: 'hiddenHttpMethodFilter' to: [/*]
[ INFO ] [2016-10-31 17:16:49] org.springframework.boot.web.servlet.FilterRegistrationBean [258] - Mapping filter: 'httpPutFormContentFilter' to: [/*]
[ INFO ] [2016-10-31 17:16:49] org.springframework.boot.web.servlet.FilterRegistrationBean [258] - Mapping filter: 'requestContextFilter' to: [/*]
[ INFO ] [2016-10-31 17:16:50] org.springframework.web.servlet.mvc.method.annotation.RequestMappingHandlerAdapter [534] - Looking for @ControllerAdvice: org.springframework.boot.context.embedded.AnnotationConfigEmbeddedWebApplicationContext@16a0ee18: startup date [Mon Oct 31 17:16:46 CST 2016]; root of context hierarchy
[ INFO ] [2016-10-31 17:16:51] org.springframework.web.servlet.mvc.method.annotation.RequestMappingHandlerMapping [543] - Mapped "{[/log/writelog]}" onto public java.lang.Object xyz.ibenben.zhongdian.system.controller.LogController.writeLog()
[ INFO ] [2016-10-31 17:16:51] org.springframework.web.servlet.mvc.method.annotation.RequestMappingHandlerMapping [543] - Mapped "{[/student/getname]}" onto public java.lang.String xyz.ibenben.zhongdian.system.controller.StudentController.regiester(java.util.Map<java.lang.String, java.lang.Object>)
[ INFO ] [2016-10-31 17:16:51] org.springframework.web.servlet.mvc.method.annotation.RequestMappingHandlerMapping [543] - Mapped "{[/system/user/regiester]}" onto public java.lang.String xyz.ibenben.zhongdian.system.controller.UserController.regiester(java.util.Map<java.lang.String, java.lang.Object>)
[ INFO ] [2016-10-31 17:16:51] org.springframework.web.servlet.mvc.method.annotation.RequestMappingHandlerMapping [543] - Mapped "{[/error]}" onto public org.springframework.http.ResponseEntity<java.util.Map<java.lang.String, java.lang.Object>> org.springframework.boot.autoconfigure.web.BasicErrorController.error(javax.servlet.http.HttpServletRequest)
[ INFO ] [2016-10-31 17:16:51] org.springframework.web.servlet.mvc.method.annotation.RequestMappingHandlerMapping [543] - Mapped "{[/error],produces=[text/html]}" onto public org.springframework.web.servlet.ModelAndView org.springframework.boot.autoconfigure.web.BasicErrorController.errorHtml(javax.servlet.http.HttpServletRequest,javax.servlet.http.HttpServletResponse)
[ INFO ] [2016-10-31 17:16:51] org.springframework.web.servlet.handler.SimpleUrlHandlerMapping [354] - Mapped URL path [/webjars/**] onto handler of type [class org.springframework.web.servlet.resource.ResourceHttpRequestHandler]
[ INFO ] [2016-10-31 17:16:51] org.springframework.web.servlet.handler.SimpleUrlHandlerMapping [354] - Mapped URL path [/**] onto handler of type [class org.springframework.web.servlet.resource.ResourceHttpRequestHandler]
[ INFO ] [2016-10-31 17:16:51] org.springframework.web.servlet.handler.SimpleUrlHandlerMapping [354] - Mapped URL path [/**/favicon.ico] onto handler of type [class org.springframework.web.servlet.resource.ResourceHttpRequestHandler]
[ INFO ] [2016-10-31 17:16:51] org.springframework.jmx.export.annotation.AnnotationMBeanExporter [431] - Registering beans for JMX exposure on startup
[ INFO ] [2016-10-31 17:16:51] org.apache.coyote.http11.Http11NioProtocol [179] - Initializing ProtocolHandler ["http-nio-127.0.0.1-8090"]
[ INFO ] [2016-10-31 17:16:51] org.apache.coyote.http11.Http11NioProtocol [179] - Starting ProtocolHandler [http-nio-127.0.0.1-8090]
[ INFO ] [2016-10-31 17:16:51] org.apache.tomcat.util.net.NioSelectorPool [179] - Using a shared selector for servlet write/read
[ INFO ] [2016-10-31 17:16:51] org.springframework.boot.context.embedded.tomcat.TomcatEmbeddedServletContainer [186] - Tomcat started on port(s): 8090 (http)
[ INFO ] [2016-10-31 17:16:51] xyz.ibenben.zhongdian.Application [57] - Started Application in 6.093 seconds (JVM running for 6.923)
[ INFO ] [2016-10-31 17:16:56] org.springframework.boot.admin.SpringApplicationAdminMXBeanRegistrar$SpringApplicationAdmin [125] - Application shutdown requested.
[ INFO ] [2016-10-31 17:16:56] org.springframework.boot.context.embedded.AnnotationConfigEmbeddedWebApplicationContext [982] - Closing org.springframework.boot.context.embedded.AnnotationConfigEmbeddedWebApplicationContext@16a0ee18: startup date [Mon Oct 31 17:16:46 CST 2016]; root of context hierarchy
[ INFO ] [2016-10-31 17:16:56] org.springframework.jmx.export.annotation.AnnotationMBeanExporter [449] - Unregistering JMX-exposed beans on shutdown
[ INFO ] [2016-10-31 17:17:19] xyz.ibenben.zhongdian.Application [48] - Starting Application on PC-20140509BBFD with PID 11772 (C:\Users\Administrator\workspace\spring-boot-mybatis-demo-master\target\classes started by Administrator in C:\Users\Administrator\workspace\spring-boot-mybatis-demo-master)
[ INFO ] [2016-10-31 17:17:19] xyz.ibenben.zhongdian.Application [659] - No active profile set, falling back to default profiles: default
[ INFO ] [2016-10-31 17:17:19] org.springframework.boot.context.embedded.AnnotationConfigEmbeddedWebApplicationContext [581] - Refreshing org.springframework.boot.context.embedded.AnnotationConfigEmbeddedWebApplicationContext@4efc180e: startup date [Mon Oct 31 17:17:19 CST 2016]; root of context hierarchy
[ INFO ] [2016-10-31 17:17:19] org.hibernate.validator.internal.util.Version [30] - HV000001: Hibernate Validator 5.2.4.Final
[ WARN ] [2016-10-31 17:17:20] org.mybatis.spring.mapper.ClassPathMapperScanner [167] - No MyBatis mapper was found in '[xyz.ibenben.zhongdian]' package. Please check your configuration.
[ WARN ] [2016-10-31 17:17:20] org.springframework.context.annotation.ConfigurationClassPostProcessor [386] - Cannot enhance @Configuration bean definition 'myBatisMapperScannerConfig' since its singleton instance has been created too early. The typical cause is a non-static @Bean method with a BeanDefinitionRegistryPostProcessor return type: Consider declaring such methods as 'static'.
[ INFO ] [2016-10-31 17:17:20] org.springframework.context.support.PostProcessorRegistrationDelegate$BeanPostProcessorChecker [328] - Bean 'org.springframework.transaction.annotation.ProxyTransactionManagementConfiguration' of type [class org.springframework.transaction.annotation.ProxyTransactionManagementConfiguration$$EnhancerBySpringCGLIB$$187f81d0] is not eligible for getting processed by all BeanPostProcessors (for example: not eligible for auto-proxying)
[ INFO ] [2016-10-31 17:17:21] org.springframework.boot.context.embedded.tomcat.TomcatEmbeddedServletContainer [88] - Tomcat initialized with port(s): 8090 (http)
[ INFO ] [2016-10-31 17:17:21] org.apache.catalina.core.StandardService [179] - Starting service Tomcat
[ INFO ] [2016-10-31 17:17:21] org.apache.catalina.core.StandardEngine [179] - Starting Servlet Engine: Apache Tomcat/8.5.4
[ INFO ] [2016-10-31 17:17:21] org.apache.jasper.servlet.TldScanner [179] - At least one JAR was scanned for TLDs yet contained no TLDs. Enable debug logging for this logger for a complete list of JARs that were scanned but no TLDs were found in them. Skipping unneeded JARs during scanning can improve startup time and JSP compilation time.
[ INFO ] [2016-10-31 17:17:21] org.apache.catalina.core.ContainerBase.[Tomcat].[localhost].[/] [179] - Initializing Spring embedded WebApplicationContext
[ INFO ] [2016-10-31 17:17:21] org.springframework.web.context.ContextLoader [276] - Root WebApplicationContext: initialization completed in 2700 ms
[ INFO ] [2016-10-31 17:17:22] org.springframework.boot.web.servlet.ServletRegistrationBean [190] - Mapping servlet: 'dispatcherServlet' to [/]
[ INFO ] [2016-10-31 17:17:22] org.springframework.boot.web.servlet.FilterRegistrationBean [258] - Mapping filter: 'characterEncodingFilter' to: [/*]
[ INFO ] [2016-10-31 17:17:22] org.springframework.boot.web.servlet.FilterRegistrationBean [258] - Mapping filter: 'hiddenHttpMethodFilter' to: [/*]
[ INFO ] [2016-10-31 17:17:22] org.springframework.boot.web.servlet.FilterRegistrationBean [258] - Mapping filter: 'httpPutFormContentFilter' to: [/*]
[ INFO ] [2016-10-31 17:17:22] org.springframework.boot.web.servlet.FilterRegistrationBean [258] - Mapping filter: 'requestContextFilter' to: [/*]
[ INFO ] [2016-10-31 17:17:23] org.springframework.web.servlet.mvc.method.annotation.RequestMappingHandlerAdapter [534] - Looking for @ControllerAdvice: org.springframework.boot.context.embedded.AnnotationConfigEmbeddedWebApplicationContext@4efc180e: startup date [Mon Oct 31 17:17:19 CST 2016]; root of context hierarchy
[ INFO ] [2016-10-31 17:17:23] org.springframework.web.servlet.mvc.method.annotation.RequestMappingHandlerMapping [543] - Mapped "{[/log/writelog]}" onto public java.lang.Object xyz.ibenben.zhongdian.system.controller.LogController.writeLog()
[ INFO ] [2016-10-31 17:17:23] org.springframework.web.servlet.mvc.method.annotation.RequestMappingHandlerMapping [543] - Mapped "{[/student/getname]}" onto public java.lang.String xyz.ibenben.zhongdian.system.controller.StudentController.regiester(java.util.Map<java.lang.String, java.lang.Object>)
[ INFO ] [2016-10-31 17:17:23] org.springframework.web.servlet.mvc.method.annotation.RequestMappingHandlerMapping [543] - Mapped "{[/system/user/regiester]}" onto public java.lang.String xyz.ibenben.zhongdian.system.controller.UserController.regiester(java.util.Map<java.lang.String, java.lang.Object>)
[ INFO ] [2016-10-31 17:17:23] org.springframework.web.servlet.mvc.method.annotation.RequestMappingHandlerMapping [543] - Mapped "{[/error]}" onto public org.springframework.http.ResponseEntity<java.util.Map<java.lang.String, java.lang.Object>> org.springframework.boot.autoconfigure.web.BasicErrorController.error(javax.servlet.http.HttpServletRequest)
[ INFO ] [2016-10-31 17:17:23] org.springframework.web.servlet.mvc.method.annotation.RequestMappingHandlerMapping [543] - Mapped "{[/error],produces=[text/html]}" onto public org.springframework.web.servlet.ModelAndView org.springframework.boot.autoconfigure.web.BasicErrorController.errorHtml(javax.servlet.http.HttpServletRequest,javax.servlet.http.HttpServletResponse)
[ INFO ] [2016-10-31 17:17:23] org.springframework.web.servlet.handler.SimpleUrlHandlerMapping [354] - Mapped URL path [/webjars/**] onto handler of type [class org.springframework.web.servlet.resource.ResourceHttpRequestHandler]
[ INFO ] [2016-10-31 17:17:23] org.springframework.web.servlet.handler.SimpleUrlHandlerMapping [354] - Mapped URL path [/**] onto handler of type [class org.springframework.web.servlet.resource.ResourceHttpRequestHandler]
[ INFO ] [2016-10-31 17:17:23] org.springframework.web.servlet.handler.SimpleUrlHandlerMapping [354] - Mapped URL path [/**/favicon.ico] onto handler of type [class org.springframework.web.servlet.resource.ResourceHttpRequestHandler]
[ INFO ] [2016-10-31 17:17:23] org.springframework.jmx.export.annotation.AnnotationMBeanExporter [431] - Registering beans for JMX exposure on startup
[ INFO ] [2016-10-31 17:17:23] org.apache.coyote.http11.Http11NioProtocol [179] - Initializing ProtocolHandler ["http-nio-127.0.0.1-8090"]
[ INFO ] [2016-10-31 17:17:23] org.apache.coyote.http11.Http11NioProtocol [179] - Starting ProtocolHandler [http-nio-127.0.0.1-8090]
[ INFO ] [2016-10-31 17:17:23] org.apache.tomcat.util.net.NioSelectorPool [179] - Using a shared selector for servlet write/read
[ INFO ] [2016-10-31 17:17:24] org.springframework.boot.context.embedded.tomcat.TomcatEmbeddedServletContainer [186] - Tomcat started on port(s): 8090 (http)
[ INFO ] [2016-10-31 17:17:24] xyz.ibenben.zhongdian.Application [57] - Started Application in 5.884 seconds (JVM running for 6.621)
[ INFO ] [2016-10-31 17:38:54] org.springframework.boot.admin.SpringApplicationAdminMXBeanRegistrar$SpringApplicationAdmin [125] - Application shutdown requested.
[ INFO ] [2016-10-31 17:38:54] org.springframework.boot.context.embedded.AnnotationConfigEmbeddedWebApplicationContext [982] - Closing org.springframework.boot.context.embedded.AnnotationConfigEmbeddedWebApplicationContext@4efc180e: startup date [Mon Oct 31 17:17:19 CST 2016]; root of context hierarchy
[ INFO ] [2016-10-31 17:38:54] org.springframework.jmx.export.annotation.AnnotationMBeanExporter [449] - Unregistering JMX-exposed beans on shutdown
[ INFO ] [2016-10-31 17:59:50] xyz.ibenben.zhongdian.Application [48] - Starting Application on PC-20140509BBFD with PID 9448 (C:\Users\Administrator\workspace\spring-boot-mybatis-demo-master\target\classes started by Administrator in C:\Users\Administrator\workspace\spring-boot-mybatis-demo-master)
[ INFO ] [2016-10-31 17:59:50] xyz.ibenben.zhongdian.Application [659] - No active profile set, falling back to default profiles: default
[ INFO ] [2016-10-31 17:59:50] org.springframework.boot.context.embedded.AnnotationConfigEmbeddedWebApplicationContext [581] - Refreshing org.springframework.boot.context.embedded.AnnotationConfigEmbeddedWebApplicationContext@71238fc2: startup date [Mon Oct 31 17:59:50 CST 2016]; root of context hierarchy
[ INFO ] [2016-10-31 17:59:50] org.hibernate.validator.internal.util.Version [30] - HV000001: Hibernate Validator 5.2.4.Final
[ WARN ] [2016-10-31 17:59:51] org.mybatis.spring.mapper.ClassPathMapperScanner [167] - No MyBatis mapper was found in '[xyz.ibenben.zhongdian]' package. Please check your configuration.
[ WARN ] [2016-10-31 17:59:51] org.springframework.context.annotation.ConfigurationClassPostProcessor [386] - Cannot enhance @Configuration bean definition 'myBatisMapperScannerConfig' since its singleton instance has been created too early. The typical cause is a non-static @Bean method with a BeanDefinitionRegistryPostProcessor return type: Consider declaring such methods as 'static'.
[ INFO ] [2016-10-31 17:59:51] org.springframework.context.support.PostProcessorRegistrationDelegate$BeanPostProcessorChecker [328] - Bean 'org.springframework.transaction.annotation.ProxyTransactionManagementConfiguration' of type [class org.springframework.transaction.annotation.ProxyTransactionManagementConfiguration$$EnhancerBySpringCGLIB$$dcb64ab4] is not eligible for getting processed by all BeanPostProcessors (for example: not eligible for auto-proxying)
[ INFO ] [2016-10-31 17:59:52] org.springframework.boot.context.embedded.tomcat.TomcatEmbeddedServletContainer [88] - Tomcat initialized with port(s): 8090 (http)
[ INFO ] [2016-10-31 17:59:52] org.apache.catalina.core.StandardService [179] - Starting service Tomcat
[ INFO ] [2016-10-31 17:59:52] org.apache.catalina.core.StandardEngine [179] - Starting Servlet Engine: Apache Tomcat/8.5.4
[ INFO ] [2016-10-31 17:59:52] org.apache.jasper.servlet.TldScanner [179] - At least one JAR was scanned for TLDs yet contained no TLDs. Enable debug logging for this logger for a complete list of JARs that were scanned but no TLDs were found in them. Skipping unneeded JARs during scanning can improve startup time and JSP compilation time.
[ INFO ] [2016-10-31 17:59:52] org.apache.catalina.core.ContainerBase.[Tomcat].[localhost].[/] [179] - Initializing Spring embedded WebApplicationContext
[ INFO ] [2016-10-31 17:59:52] org.springframework.web.context.ContextLoader [276] - Root WebApplicationContext: initialization completed in 2380 ms
[ INFO ] [2016-10-31 17:59:52] org.springframework.boot.web.servlet.ServletRegistrationBean [190] - Mapping servlet: 'dispatcherServlet' to [/]
[ INFO ] [2016-10-31 17:59:52] org.springframework.boot.web.servlet.FilterRegistrationBean [258] - Mapping filter: 'characterEncodingFilter' to: [/*]
[ INFO ] [2016-10-31 17:59:52] org.springframework.boot.web.servlet.FilterRegistrationBean [258] - Mapping filter: 'hiddenHttpMethodFilter' to: [/*]
[ INFO ] [2016-10-31 17:59:52] org.springframework.boot.web.servlet.FilterRegistrationBean [258] - Mapping filter: 'httpPutFormContentFilter' to: [/*]
[ INFO ] [2016-10-31 17:59:52] org.springframework.boot.web.servlet.FilterRegistrationBean [258] - Mapping filter: 'requestContextFilter' to: [/*]
[ INFO ] [2016-10-31 17:59:53] org.springframework.web.servlet.mvc.method.annotation.RequestMappingHandlerAdapter [534] - Looking for @ControllerAdvice: org.springframework.boot.context.embedded.AnnotationConfigEmbeddedWebApplicationContext@71238fc2: startup date [Mon Oct 31 17:59:50 CST 2016]; root of context hierarchy
[ INFO ] [2016-10-31 17:59:53] org.springframework.web.servlet.mvc.method.annotation.RequestMappingHandlerMapping [543] - Mapped "{[/log/writelog]}" onto public java.lang.Object xyz.ibenben.zhongdian.system.controller.LogController.writeLog()
[ INFO ] [2016-10-31 17:59:53] org.springframework.web.servlet.mvc.method.annotation.RequestMappingHandlerMapping [543] - Mapped "{[/student/getname]}" onto public java.lang.String xyz.ibenben.zhongdian.system.controller.StudentController.regiester(java.util.Map<java.lang.String, java.lang.Object>)
[ INFO ] [2016-10-31 17:59:53] org.springframework.web.servlet.mvc.method.annotation.RequestMappingHandlerMapping [543] - Mapped "{[/system/user/regiester]}" onto public java.lang.String xyz.ibenben.zhongdian.system.controller.UserController.regiester(java.util.Map<java.lang.String, java.lang.Object>)
[ INFO ] [2016-10-31 17:59:53] org.springframework.web.servlet.mvc.method.annotation.RequestMappingHandlerMapping [543] - Mapped "{[/error]}" onto public org.springframework.http.ResponseEntity<java.util.Map<java.lang.String, java.lang.Object>> org.springframework.boot.autoconfigure.web.BasicErrorController.error(javax.servlet.http.HttpServletRequest)
[ INFO ] [2016-10-31 17:59:53] org.springframework.web.servlet.mvc.method.annotation.RequestMappingHandlerMapping [543] - Mapped "{[/error],produces=[text/html]}" onto public org.springframework.web.servlet.ModelAndView org.springframework.boot.autoconfigure.web.BasicErrorController.errorHtml(javax.servlet.http.HttpServletRequest,javax.servlet.http.HttpServletResponse)
[ INFO ] [2016-10-31 17:59:53] org.springframework.web.servlet.handler.SimpleUrlHandlerMapping [354] - Mapped URL path [/webjars/**] onto handler of type [class org.springframework.web.servlet.resource.ResourceHttpRequestHandler]
[ INFO ] [2016-10-31 17:59:53] org.springframework.web.servlet.handler.SimpleUrlHandlerMapping [354] - Mapped URL path [/**] onto handler of type [class org.springframework.web.servlet.resource.ResourceHttpRequestHandler]
[ INFO ] [2016-10-31 17:59:54] org.springframework.web.servlet.handler.SimpleUrlHandlerMapping [354] - Mapped URL path [/**/favicon.ico] onto handler of type [class org.springframework.web.servlet.resource.ResourceHttpRequestHandler]
[ INFO ] [2016-10-31 17:59:54] org.springframework.jmx.export.annotation.AnnotationMBeanExporter [431] - Registering beans for JMX exposure on startup
[ INFO ] [2016-10-31 17:59:54] org.apache.coyote.http11.Http11NioProtocol [179] - Initializing ProtocolHandler ["http-nio-127.0.0.1-8090"]
[ INFO ] [2016-10-31 17:59:54] org.apache.coyote.http11.Http11NioProtocol [179] - Starting ProtocolHandler [http-nio-127.0.0.1-8090]
[ INFO ] [2016-10-31 17:59:54] org.apache.tomcat.util.net.NioSelectorPool [179] - Using a shared selector for servlet write/read
[ INFO ] [2016-10-31 17:59:54] org.springframework.boot.context.embedded.tomcat.TomcatEmbeddedServletContainer [186] - Tomcat started on port(s): 8090 (http)
[ INFO ] [2016-10-31 17:59:54] xyz.ibenben.zhongdian.Application [57] - Started Application in 5.201 seconds (JVM running for 5.876)
[ INFO ] [2016-10-31 18:00:02] org.apache.catalina.core.ContainerBase.[Tomcat].[localhost].[/] [179] - Initializing Spring FrameworkServlet 'dispatcherServlet'
[ INFO ] [2016-10-31 18:00:02] org.springframework.web.servlet.DispatcherServlet [489] - FrameworkServlet 'dispatcherServlet': initialization started
[ INFO ] [2016-10-31 18:00:02] org.springframework.web.servlet.DispatcherServlet [508] - FrameworkServlet 'dispatcherServlet': initialization completed in 28 ms
[ INFO ] [2016-10-31 18:03:32] org.springframework.boot.admin.SpringApplicationAdminMXBeanRegistrar$SpringApplicationAdmin [125] - Application shutdown requested.
[ INFO ] [2016-10-31 18:03:32] org.springframework.boot.context.embedded.AnnotationConfigEmbeddedWebApplicationContext [982] - Closing org.springframework.boot.context.embedded.AnnotationConfigEmbeddedWebApplicationContext@71238fc2: startup date [Mon Oct 31 17:59:50 CST 2016]; root of context hierarchy
[ INFO ] [2016-10-31 18:03:32] org.springframework.jmx.export.annotation.AnnotationMBeanExporter [449] - Unregistering JMX-exposed beans on shutdown
